#
# There is insufficient memory for the Java Runtime Environment to continue.
# Native memory allocation (mmap) failed to map 62914560 bytes for Failed to commit area from 0x0000000089e00000 to 0x000000008da00000 of length 62914560.
# Possible reasons:
#   The system is out of physical RAM or swap space
#   The process is running with CompressedOops enabled, and the Java Heap may be blocking the growth of the native heap
# Possible solutions:
#   Reduce memory load on the system
#   Increase physical memory or swap space
#   Check if swap backing store is full
#   Decrease Java heap size (-Xmx/-Xms)
#   Decrease number of Java threads
#   Decrease Java thread stack sizes (-Xss)
#   Set larger code cache with -XX:ReservedCodeCacheSize=
#   JVM is running with Unscaled Compressed Oops mode in which the Java heap is
#     placed in the first 4GB address space. The Java Heap base address is the
#     maximum limit for the native heap growth. Please use -XX:HeapBaseMinAddress
#     to set the Java Heap base and to place the Java Heap above 4GB virtual address.
# This output file may be truncated or incomplete.
#
#  Out of Memory Error (c:/BuildAgent/work/5ff2f6c26000d570/src/hotspot/os/windows/os_windows.cpp:3291), pid=17508, tid=15296
#
# JRE version: OpenJDK Runtime Environment (11.0.5+10) (build 11.0.5+10-b520.38)
# Java VM: OpenJDK 64-Bit Server VM (11.0.5+10-b520.38, mixed mode, sharing, tiered, compressed oops, g1 gc, windows-amd64)
# No core dump will be written. Minidumps are not enabled by default on client versions of Windows
#

---------------  S U M M A R Y ------------

Command Line: -XX:TieredStopAtLevel=1 -Xverify:none -Dspring.output.ansi.enabled=always -Dcom.sun.management.jmxremote -Dspring.jmx.enabled=true -Dspring.liveBeansView.mbeanDomain -Dspring.application.admin.enabled=true -javaagent:C:\Program Files\JetBrains\IntelliJ IDEA 2019.3.3\lib\idea_rt.jar=50184:C:\Program Files\JetBrains\IntelliJ IDEA 2019.3.3\bin -Dfile.encoding=UTF-8 com.project.SDProject.ClientProjectApplication

Host: Intel(R) Core(TM) i7-7700HQ CPU @ 2.80GHz, 8 cores, 7G,  Windows 10 , 64 bit Build 17134 (10.0.17134.1425)
Time: Mon May 11 04:48:33 2020 GTB Daylight Time elapsed time: 7 seconds (0d 0h 0m 7s)

---------------  T H R E A D  ---------------

Current thread (0x00000262e3a3a000):  VMThread "VM Thread" [stack: 0x0000009963a00000,0x0000009963b00000] [id=15296]

Stack: [0x0000009963a00000,0x0000009963b00000]
[error occurred during error reporting (printing stack bounds), id 0xc0000005, EXCEPTION_ACCESS_VIOLATION (0xc0000005) at pc=0x00000262cd1c0dad]

Native frames: (J=compiled Java code, j=interpreted, Vv=VM code, C=native code)
V  [jvm.dll+0x5dcafa]
V  [jvm.dll+0x70e375]
V  [jvm.dll+0x70f898]
V  [jvm.dll+0x70fec5]
V  [jvm.dll+0x70fe7b]
V  [jvm.dll+0x5dc288]
V  [jvm.dll+0x5dc6e8]
C  [ntdll.dll+0x9f7fd]
C  [ntdll.dll+0xd856]
C  [ntdll.dll+0x9e72e]
C  0x00000262cd1c0dad

VM_Operation (0x0000009965cfd930): G1CollectForAllocation, mode: safepoint, requested by thread 0x00000262ebd54000


---------------  P R O C E S S  ---------------

Threads class SMR info:
_java_thread_list=0x00000262ebc7c8a0, length=21, elements={
0x00000262c9107000, 0x00000262e3a3d800, 0x00000262e3a3f000, 0x00000262e3a54800,
0x00000262e3a55800, 0x00000262e3a57800, 0x00000262e3a64800, 0x00000262e443c800,
0x00000262e4742800, 0x00000262e4743000, 0x00000262e4937000, 0x00000262e4953800,
0x00000262e49ce000, 0x00000262e4a15800, 0x00000262e4a49000, 0x00000262e4b6e000,
0x00000262ebd50000, 0x00000262ebd51800, 0x00000262ebd53000, 0x00000262ebd4e800,
0x00000262ebd54000
}

Java Threads: ( => current thread )
  0x00000262c9107000 JavaThread "main" [_thread_blocked, id=18544, stack(0x0000009963400000,0x0000009963500000)]
  0x00000262e3a3d800 JavaThread "Reference Handler" daemon [_thread_blocked, id=19644, stack(0x0000009963b00000,0x0000009963c00000)]
  0x00000262e3a3f000 JavaThread "Finalizer" daemon [_thread_blocked, id=11860, stack(0x0000009963c00000,0x0000009963d00000)]
  0x00000262e3a54800 JavaThread "Signal Dispatcher" daemon [_thread_blocked, id=8444, stack(0x0000009963d00000,0x0000009963e00000)]
  0x00000262e3a55800 JavaThread "Attach Listener" daemon [_thread_blocked, id=19064, stack(0x0000009963e00000,0x0000009963f00000)]
  0x00000262e3a57800 JavaThread "C1 CompilerThread0" daemon [_thread_blocked, id=3752, stack(0x0000009963f00000,0x0000009964000000)]
  0x00000262e3a64800 JavaThread "Sweeper thread" daemon [_thread_blocked, id=10072, stack(0x0000009964000000,0x0000009964100000)]
  0x00000262e443c800 JavaThread "Common-Cleaner" daemon [_thread_blocked, id=11340, stack(0x0000009964100000,0x0000009964200000)]
  0x00000262e4742800 JavaThread "Monitor Ctrl-Break" daemon [_thread_in_native, id=16912, stack(0x0000009964200000,0x0000009964300000)]
  0x00000262e4743000 JavaThread "Service Thread" daemon [_thread_blocked, id=14728, stack(0x0000009964300000,0x0000009964400000)]
  0x00000262e4937000 JavaThread "RMI TCP Accept-0" daemon [_thread_in_native, id=9772, stack(0x0000009964400000,0x0000009964500000)]
  0x00000262e4953800 JavaThread "JavaFX-Launcher" [_thread_blocked, id=6008, stack(0x0000009964600000,0x0000009964700000)]
  0x00000262e49ce000 JavaThread "QuantumRenderer-0" daemon [_thread_blocked, id=21900, stack(0x0000009964700000,0x0000009964800000)]
  0x00000262e4a15800 JavaThread "InvokeLaterDispatcher" daemon [_thread_blocked, id=23740, stack(0x0000009964800000,0x0000009964900000)]
  0x00000262e4a49000 JavaThread "JavaFX Application Thread" [_thread_in_native, id=23852, stack(0x0000009964900000,0x0000009964a00000)]
  0x00000262e4b6e000 JavaThread "Thread-2" daemon [_thread_blocked, id=25548, stack(0x0000009964d00000,0x0000009964e00000)]
  0x00000262ebd50000 JavaThread "RMI TCP Connection(1)-192.168.26.1" daemon [_thread_blocked, id=33868, stack(0x0000009965400000,0x0000009965500000)]
  0x00000262ebd51800 JavaThread "RMI Scheduler(0)" daemon [_thread_blocked, id=34464, stack(0x0000009965500000,0x0000009965600000)]
  0x00000262ebd53000 JavaThread "mysql-cj-abandoned-connection-cleanup" daemon [_thread_blocked, id=49232, stack(0x0000009965600000,0x0000009965700000)]
  0x00000262ebd4e800 JavaThread "HikariPool-1 housekeeper" daemon [_thread_blocked, id=68524, stack(0x0000009965b00000,0x0000009965c00000)]
  0x00000262ebd54000 JavaThread "HikariPool-1 connection adder" daemon [_thread_blocked, id=68536, stack(0x0000009965c00000,0x0000009965d00000)]

Other Threads:
=>0x00000262e3a3a000 VMThread "VM Thread" [stack: 0x0000009963a00000,0x0000009963b00000] [id=15296]
  0x00000262e493f800 WatcherThread [stack: 0x0000009964500000,0x0000009964600000] [id=19772]
  0x00000262c9120800 GCTaskThread "GC Thread#0" [stack: 0x0000009963500000,0x0000009963600000] [id=12312]
  0x00000262e4ebe800 GCTaskThread "GC Thread#1" [stack: 0x0000009964e00000,0x0000009964f00000] [id=28268]
  0x00000262e4ebf800 GCTaskThread "GC Thread#2" [stack: 0x0000009964f00000,0x0000009965000000] [id=28272]
  0x00000262e4ec4000 GCTaskThread "GC Thread#3" [stack: 0x0000009965000000,0x0000009965100000] [id=28276]
  0x00000262e4eaf000 GCTaskThread "GC Thread#4" [stack: 0x0000009965100000,0x0000009965200000] [id=28280]
  0x00000262e4eb0000 GCTaskThread "GC Thread#5" [stack: 0x0000009965200000,0x0000009965300000] [id=28288]
  0x00000262ec169800 GCTaskThread "GC Thread#6" [stack: 0x0000009965700000,0x0000009965800000] [id=41884]
  0x00000262ec172800 GCTaskThread "GC Thread#7" [stack: 0x0000009965800000,0x0000009965900000] [id=41888]
  0x00000262c9151800 ConcurrentGCThread "G1 Main Marker" [stack: 0x0000009963600000,0x0000009963700000] [id=960]
  0x00000262c9155000 ConcurrentGCThread "G1 Conc#0" [stack: 0x0000009963700000,0x0000009963800000] [id=10296]
  0x00000262ec449800 ConcurrentGCThread "G1 Conc#1" [stack: 0x0000009965900000,0x0000009965a00000] [id=50992]
  0x00000262e38ce800 ConcurrentGCThread "G1 Refine#0" [stack: 0x0000009963800000,0x0000009963900000] [id=232]
  0x00000262e4692800 ConcurrentGCThread "G1 Refine#1" [stack: 0x0000009965300000,0x0000009965400000] [id=28376]
  0x00000262e38d2000 ConcurrentGCThread "G1 Young RemSet Sampling" [stack: 0x0000009963900000,0x0000009963a00000] [id=20356]

Threads with active compile tasks:

VM state:at safepoint (normal execution)

VM Mutex/Monitor currently owned by a thread:  ([mutex/lock_event])
[0x00000262c9106650] Threads_lock - owner thread: 0x00000262e3a3a000
[0x00000262c9106380] Heap_lock - owner thread: 0x00000262ebd54000

Heap address: 0x0000000081e00000, size: 2018 MB, Compressed Oops mode: 32-bit
Narrow klass base: 0x0000000800000000, Narrow klass shift: 3
Compressed class space size: 1073741824 Address: 0x0000000840000000

Heap:
 garbage-first heap   total 192512K, used 21479K [0x0000000081e00000, 0x0000000100000000)
  region size 1024K, 8 young (8192K), 8 survivors (8192K)
 Metaspace       used 30916K, capacity 32061K, committed 32304K, reserved 1081344K
  class space    used 4239K, capacity 4698K, committed 4736K, reserved 1048576K
Heap Regions: E=young(eden), S=young(survivor), O=old, HS=humongous(starts), HC=humongous(continues), CS=collection set, F=free, A=archive, TAMS=top-at-mark-start (previous, next)
|   0|0x0000000081e00000, 0x0000000081f00000, 0x0000000081f00000|100%|HS|  |TAMS 0x0000000081f00000, 0x0000000081f00000| Complete 
|   1|0x0000000081f00000, 0x0000000082000000, 0x0000000082000000|100%| O|  |TAMS 0x0000000082000000, 0x0000000082000000| Untracked 
|   2|0x0000000082000000, 0x0000000082100000, 0x0000000082100000|100%| O|  |TAMS 0x0000000082100000, 0x0000000082100000| Untracked 
|   3|0x0000000082100000, 0x0000000082200000, 0x0000000082200000|100%| O|  |TAMS 0x0000000082200000, 0x0000000082200000| Untracked 
|   4|0x0000000082200000, 0x0000000082300000, 0x0000000082300000|100%| O|  |TAMS 0x0000000082300000, 0x0000000082300000| Untracked 
|   5|0x0000000082300000, 0x0000000082400000, 0x0000000082400000|100%| O|  |TAMS 0x0000000082400000, 0x0000000082400000| Untracked 
|   6|0x0000000082400000, 0x0000000082500000, 0x0000000082500000|100%| O|  |TAMS 0x0000000082500000, 0x0000000082500000| Untracked 
|   7|0x0000000082500000, 0x0000000082600000, 0x0000000082600000|100%| O|  |TAMS 0x0000000082600000, 0x0000000082600000| Untracked 
|   8|0x0000000082600000, 0x0000000082700000, 0x0000000082700000|100%| O|  |TAMS 0x0000000082700000, 0x0000000082700000| Untracked 
|   9|0x0000000082700000, 0x0000000082800000, 0x0000000082800000|100%| O|  |TAMS 0x0000000082800000, 0x0000000082800000| Untracked 
|  10|0x0000000082800000, 0x0000000082900000, 0x0000000082900000|100%| O|  |TAMS 0x0000000082900000, 0x0000000082900000| Untracked 
|  11|0x0000000082900000, 0x0000000082a00000, 0x0000000082a00000|100%| O|  |TAMS 0x000000008295a400, 0x0000000082a00000| Untracked 
|  12|0x0000000082a00000, 0x0000000082af9c00, 0x0000000082b00000| 97%| O|  |TAMS 0x0000000082a00000, 0x0000000082af9c00| Untracked 
|  13|0x0000000082b00000, 0x0000000082b00000, 0x0000000082c00000|  0%| F|  |TAMS 0x0000000082b00000, 0x0000000082b00000| Untracked 
|  14|0x0000000082c00000, 0x0000000082c00000, 0x0000000082d00000|  0%| F|  |TAMS 0x0000000082c00000, 0x0000000082c00000| Untracked 
|  15|0x0000000082d00000, 0x0000000082d00000, 0x0000000082e00000|  0%| F|  |TAMS 0x0000000082d00000, 0x0000000082d00000| Untracked 
|  16|0x0000000082e00000, 0x0000000082e00000, 0x0000000082f00000|  0%| F|  |TAMS 0x0000000082e00000, 0x0000000082e00000| Untracked 
|  17|0x0000000082f00000, 0x0000000082f00000, 0x0000000083000000|  0%| F|  |TAMS 0x0000000082f00000, 0x0000000082f00000| Untracked 
|  18|0x0000000083000000, 0x0000000083000000, 0x0000000083100000|  0%| F|  |TAMS 0x0000000083000000, 0x0000000083000000| Untracked 
|  19|0x0000000083100000, 0x0000000083100000, 0x0000000083200000|  0%| F|  |TAMS 0x0000000083100000, 0x0000000083100000| Untracked 
|  20|0x0000000083200000, 0x0000000083200000, 0x0000000083300000|  0%| F|  |TAMS 0x0000000083200000, 0x0000000083200000| Untracked 
|  21|0x0000000083300000, 0x0000000083300000, 0x0000000083400000|  0%| F|  |TAMS 0x0000000083300000, 0x0000000083300000| Untracked 
|  22|0x0000000083400000, 0x0000000083400000, 0x0000000083500000|  0%| F|  |TAMS 0x0000000083400000, 0x0000000083400000| Untracked 
|  23|0x0000000083500000, 0x0000000083500000, 0x0000000083600000|  0%| F|  |TAMS 0x0000000083500000, 0x0000000083500000| Untracked 
|  24|0x0000000083600000, 0x0000000083600000, 0x0000000083700000|  0%| F|  |TAMS 0x0000000083600000, 0x0000000083600000| Untracked 
|  25|0x0000000083700000, 0x0000000083700000, 0x0000000083800000|  0%| F|  |TAMS 0x0000000083700000, 0x0000000083700000| Untracked 
|  26|0x0000000083800000, 0x0000000083800000, 0x0000000083900000|  0%| F|  |TAMS 0x0000000083800000, 0x0000000083800000| Untracked 
|  27|0x0000000083900000, 0x0000000083900000, 0x0000000083a00000|  0%| F|  |TAMS 0x0000000083900000, 0x0000000083900000| Untracked 
|  28|0x0000000083a00000, 0x0000000083a00000, 0x0000000083b00000|  0%| F|  |TAMS 0x0000000083a00000, 0x0000000083a00000| Untracked 
|  29|0x0000000083b00000, 0x0000000083b00000, 0x0000000083c00000|  0%| F|  |TAMS 0x0000000083b00000, 0x0000000083b00000| Untracked 
|  30|0x0000000083c00000, 0x0000000083c00000, 0x0000000083d00000|  0%| F|  |TAMS 0x0000000083c00000, 0x0000000083c00000| Untracked 
|  31|0x0000000083d00000, 0x0000000083d00000, 0x0000000083e00000|  0%| F|  |TAMS 0x0000000083d00000, 0x0000000083d00000| Untracked 
|  32|0x0000000083e00000, 0x0000000083e00000, 0x0000000083f00000|  0%| F|  |TAMS 0x0000000083e00000, 0x0000000083e00000| Untracked 
|  33|0x0000000083f00000, 0x0000000083f00000, 0x0000000084000000|  0%| F|  |TAMS 0x0000000083f00000, 0x0000000083f00000| Untracked 
|  34|0x0000000084000000, 0x0000000084000000, 0x0000000084100000|  0%| F|  |TAMS 0x0000000084000000, 0x0000000084000000| Untracked 
|  35|0x0000000084100000, 0x0000000084100000, 0x0000000084200000|  0%| F|  |TAMS 0x0000000084100000, 0x0000000084100000| Untracked 
|  36|0x0000000084200000, 0x0000000084200000, 0x0000000084300000|  0%| F|  |TAMS 0x0000000084200000, 0x0000000084200000| Untracked 
|  37|0x0000000084300000, 0x0000000084300000, 0x0000000084400000|  0%| F|  |TAMS 0x0000000084300000, 0x0000000084300000| Untracked 
|  38|0x0000000084400000, 0x0000000084400000, 0x0000000084500000|  0%| F|  |TAMS 0x0000000084400000, 0x0000000084400000| Untracked 
|  39|0x0000000084500000, 0x0000000084500000, 0x0000000084600000|  0%| F|  |TAMS 0x0000000084500000, 0x0000000084500000| Untracked 
|  40|0x0000000084600000, 0x0000000084600000, 0x0000000084700000|  0%| F|  |TAMS 0x0000000084600000, 0x0000000084600000| Untracked 
|  41|0x0000000084700000, 0x0000000084700000, 0x0000000084800000|  0%| F|  |TAMS 0x0000000084700000, 0x0000000084700000| Untracked 
|  42|0x0000000084800000, 0x0000000084800000, 0x0000000084900000|  0%| F|  |TAMS 0x0000000084800000, 0x0000000084800000| Untracked 
|  43|0x0000000084900000, 0x0000000084900000, 0x0000000084a00000|  0%| F|  |TAMS 0x0000000084900000, 0x0000000084900000| Untracked 
|  44|0x0000000084a00000, 0x0000000084a00000, 0x0000000084b00000|  0%| F|  |TAMS 0x0000000084a00000, 0x0000000084a00000| Untracked 
|  45|0x0000000084b00000, 0x0000000084b00000, 0x0000000084c00000|  0%| F|  |TAMS 0x0000000084b00000, 0x0000000084b00000| Untracked 
|  46|0x0000000084c00000, 0x0000000084c00000, 0x0000000084d00000|  0%| F|  |TAMS 0x0000000084c00000, 0x0000000084c00000| Untracked 
|  47|0x0000000084d00000, 0x0000000084d00000, 0x0000000084e00000|  0%| F|  |TAMS 0x0000000084d00000, 0x0000000084d00000| Untracked 
|  48|0x0000000084e00000, 0x0000000084e00000, 0x0000000084f00000|  0%| F|  |TAMS 0x0000000084e00000, 0x0000000084e00000| Untracked 
|  49|0x0000000084f00000, 0x0000000084f00000, 0x0000000085000000|  0%| F|  |TAMS 0x0000000084f00000, 0x0000000084f00000| Untracked 
|  50|0x0000000085000000, 0x0000000085000000, 0x0000000085100000|  0%| F|  |TAMS 0x0000000085000000, 0x0000000085000000| Untracked 
|  51|0x0000000085100000, 0x0000000085100000, 0x0000000085200000|  0%| F|  |TAMS 0x0000000085100000, 0x0000000085100000| Untracked 
|  52|0x0000000085200000, 0x0000000085200000, 0x0000000085300000|  0%| F|  |TAMS 0x0000000085200000, 0x0000000085200000| Untracked 
|  53|0x0000000085300000, 0x0000000085300000, 0x0000000085400000|  0%| F|  |TAMS 0x0000000085300000, 0x0000000085300000| Untracked 
|  54|0x0000000085400000, 0x0000000085400000, 0x0000000085500000|  0%| F|  |TAMS 0x0000000085400000, 0x0000000085400000| Untracked 
|  55|0x0000000085500000, 0x0000000085500000, 0x0000000085600000|  0%| F|  |TAMS 0x0000000085500000, 0x0000000085500000| Untracked 
|  56|0x0000000085600000, 0x0000000085700000, 0x0000000085700000|100%| S|CS|TAMS 0x0000000085600000, 0x0000000085600000| Complete 
|  57|0x0000000085700000, 0x0000000085800000, 0x0000000085800000|100%| S|CS|TAMS 0x0000000085700000, 0x0000000085700000| Complete 
|  58|0x0000000085800000, 0x0000000085900000, 0x0000000085900000|100%| S|CS|TAMS 0x0000000085800000, 0x0000000085800000| Complete 
|  59|0x0000000085900000, 0x0000000085a00000, 0x0000000085a00000|100%| S|CS|TAMS 0x0000000085900000, 0x0000000085900000| Complete 
|  60|0x0000000085a00000, 0x0000000085b00000, 0x0000000085b00000|100%| S|CS|TAMS 0x0000000085a00000, 0x0000000085a00000| Complete 
|  61|0x0000000085b00000, 0x0000000085c00000, 0x0000000085c00000|100%| S|CS|TAMS 0x0000000085b00000, 0x0000000085b00000| Complete 
|  62|0x0000000085c00000, 0x0000000085d00000, 0x0000000085d00000|100%| S|CS|TAMS 0x0000000085c00000, 0x0000000085c00000| Complete 
|  63|0x0000000085d00000, 0x0000000085e00000, 0x0000000085e00000|100%| S|CS|TAMS 0x0000000085d00000, 0x0000000085d00000| Complete 
|  64|0x0000000085e00000, 0x0000000085e00000, 0x0000000085f00000|  0%| F|  |TAMS 0x0000000085e00000, 0x0000000085e00000| Untracked 
|  65|0x0000000085f00000, 0x0000000085f00000, 0x0000000086000000|  0%| F|  |TAMS 0x0000000085f00000, 0x0000000085f00000| Untracked 
|  66|0x0000000086000000, 0x0000000086000000, 0x0000000086100000|  0%| F|  |TAMS 0x0000000086000000, 0x0000000086000000| Untracked 
|  67|0x0000000086100000, 0x0000000086100000, 0x0000000086200000|  0%| F|  |TAMS 0x0000000086100000, 0x0000000086100000| Untracked 
|  68|0x0000000086200000, 0x0000000086200000, 0x0000000086300000|  0%| F|  |TAMS 0x0000000086200000, 0x0000000086200000| Untracked 
|  69|0x0000000086300000, 0x0000000086300000, 0x0000000086400000|  0%| F|  |TAMS 0x0000000086300000, 0x0000000086300000| Untracked 
|  70|0x0000000086400000, 0x0000000086400000, 0x0000000086500000|  0%| F|  |TAMS 0x0000000086400000, 0x0000000086400000| Untracked 
|  71|0x0000000086500000, 0x0000000086500000, 0x0000000086600000|  0%| F|  |TAMS 0x0000000086500000, 0x0000000086500000| Untracked 
|  72|0x0000000086600000, 0x0000000086600000, 0x0000000086700000|  0%| F|  |TAMS 0x0000000086600000, 0x0000000086600000| Untracked 
|  73|0x0000000086700000, 0x0000000086700000, 0x0000000086800000|  0%| F|  |TAMS 0x0000000086700000, 0x0000000086700000| Untracked 
|  74|0x0000000086800000, 0x0000000086800000, 0x0000000086900000|  0%| F|  |TAMS 0x0000000086800000, 0x0000000086800000| Untracked 
|  75|0x0000000086900000, 0x0000000086900000, 0x0000000086a00000|  0%| F|  |TAMS 0x0000000086900000, 0x0000000086900000| Untracked 
|  76|0x0000000086a00000, 0x0000000086a00000, 0x0000000086b00000|  0%| F|  |TAMS 0x0000000086a00000, 0x0000000086a00000| Untracked 
|  77|0x0000000086b00000, 0x0000000086b00000, 0x0000000086c00000|  0%| F|  |TAMS 0x0000000086b00000, 0x0000000086b00000| Untracked 
|  78|0x0000000086c00000, 0x0000000086c00000, 0x0000000086d00000|  0%| F|  |TAMS 0x0000000086c00000, 0x0000000086c00000| Untracked 
|  79|0x0000000086d00000, 0x0000000086d00000, 0x0000000086e00000|  0%| F|  |TAMS 0x0000000086d00000, 0x0000000086d00000| Untracked 
|  80|0x0000000086e00000, 0x0000000086e00000, 0x0000000086f00000|  0%| F|  |TAMS 0x0000000086e00000, 0x0000000086e00000| Untracked 
|  81|0x0000000086f00000, 0x0000000086f00000, 0x0000000087000000|  0%| F|  |TAMS 0x0000000086f00000, 0x0000000086f00000| Untracked 
|  82|0x0000000087000000, 0x0000000087000000, 0x0000000087100000|  0%| F|  |TAMS 0x0000000087000000, 0x0000000087000000| Untracked 
|  83|0x0000000087100000, 0x0000000087100000, 0x0000000087200000|  0%| F|  |TAMS 0x0000000087100000, 0x0000000087100000| Untracked 
|  84|0x0000000087200000, 0x0000000087200000, 0x0000000087300000|  0%| F|  |TAMS 0x0000000087200000, 0x0000000087200000| Untracked 
|  85|0x0000000087300000, 0x0000000087300000, 0x0000000087400000|  0%| F|  |TAMS 0x0000000087300000, 0x0000000087300000| Untracked 
|  86|0x0000000087400000, 0x0000000087400000, 0x0000000087500000|  0%| F|  |TAMS 0x0000000087400000, 0x0000000087400000| Untracked 
|  87|0x0000000087500000, 0x0000000087500000, 0x0000000087600000|  0%| F|  |TAMS 0x0000000087500000, 0x0000000087500000| Untracked 
|  88|0x0000000087600000, 0x0000000087600000, 0x0000000087700000|  0%| F|  |TAMS 0x0000000087600000, 0x0000000087600000| Untracked 
|  89|0x0000000087700000, 0x0000000087700000, 0x0000000087800000|  0%| F|  |TAMS 0x0000000087700000, 0x0000000087700000| Untracked 
|  90|0x0000000087800000, 0x0000000087800000, 0x0000000087900000|  0%| F|  |TAMS 0x0000000087800000, 0x0000000087800000| Untracked 
|  91|0x0000000087900000, 0x0000000087900000, 0x0000000087a00000|  0%| F|  |TAMS 0x0000000087900000, 0x0000000087900000| Untracked 
|  92|0x0000000087a00000, 0x0000000087a00000, 0x0000000087b00000|  0%| F|  |TAMS 0x0000000087a00000, 0x0000000087a00000| Untracked 
|  93|0x0000000087b00000, 0x0000000087b00000, 0x0000000087c00000|  0%| F|  |TAMS 0x0000000087b00000, 0x0000000087b00000| Untracked 
|  94|0x0000000087c00000, 0x0000000087c00000, 0x0000000087d00000|  0%| F|  |TAMS 0x0000000087c00000, 0x0000000087c00000| Untracked 
|  95|0x0000000087d00000, 0x0000000087d00000, 0x0000000087e00000|  0%| F|  |TAMS 0x0000000087d00000, 0x0000000087d00000| Untracked 
|  96|0x0000000087e00000, 0x0000000087e00000, 0x0000000087f00000|  0%| F|  |TAMS 0x0000000087e00000, 0x0000000087e00000| Untracked 
|  97|0x0000000087f00000, 0x0000000087f00000, 0x0000000088000000|  0%| F|  |TAMS 0x0000000087f00000, 0x0000000087f00000| Untracked 
|  98|0x0000000088000000, 0x0000000088000000, 0x0000000088100000|  0%| F|  |TAMS 0x0000000088000000, 0x0000000088000000| Untracked 
|  99|0x0000000088100000, 0x0000000088100000, 0x0000000088200000|  0%| F|  |TAMS 0x0000000088100000, 0x0000000088100000| Untracked 
| 100|0x0000000088200000, 0x0000000088200000, 0x0000000088300000|  0%| F|  |TAMS 0x0000000088200000, 0x0000000088200000| Untracked 
| 101|0x0000000088300000, 0x0000000088300000, 0x0000000088400000|  0%| F|  |TAMS 0x0000000088300000, 0x0000000088300000| Untracked 
| 102|0x0000000088400000, 0x0000000088400000, 0x0000000088500000|  0%| F|  |TAMS 0x0000000088400000, 0x0000000088400000| Untracked 
| 103|0x0000000088500000, 0x0000000088500000, 0x0000000088600000|  0%| F|  |TAMS 0x0000000088500000, 0x0000000088500000| Untracked 
| 104|0x0000000088600000, 0x0000000088600000, 0x0000000088700000|  0%| F|  |TAMS 0x0000000088600000, 0x0000000088600000| Untracked 
| 105|0x0000000088700000, 0x0000000088700000, 0x0000000088800000|  0%| F|  |TAMS 0x0000000088700000, 0x0000000088700000| Untracked 
| 106|0x0000000088800000, 0x0000000088800000, 0x0000000088900000|  0%| F|  |TAMS 0x0000000088800000, 0x0000000088800000| Untracked 
| 107|0x0000000088900000, 0x0000000088900000, 0x0000000088a00000|  0%| F|  |TAMS 0x0000000088900000, 0x0000000088900000| Untracked 
| 108|0x0000000088a00000, 0x0000000088a00000, 0x0000000088b00000|  0%| F|  |TAMS 0x0000000088a00000, 0x0000000088a00000| Untracked 
| 109|0x0000000088b00000, 0x0000000088b00000, 0x0000000088c00000|  0%| F|  |TAMS 0x0000000088b00000, 0x0000000088b00000| Untracked 
| 110|0x0000000088c00000, 0x0000000088c00000, 0x0000000088d00000|  0%| F|  |TAMS 0x0000000088c00000, 0x0000000088c00000| Untracked 
| 111|0x0000000088d00000, 0x0000000088d00000, 0x0000000088e00000|  0%| F|  |TAMS 0x0000000088d00000, 0x0000000088d00000| Untracked 
| 112|0x0000000088e00000, 0x0000000088e00000, 0x0000000088f00000|  0%| F|  |TAMS 0x0000000088e00000, 0x0000000088e00000| Untracked 
| 113|0x0000000088f00000, 0x0000000088f00000, 0x0000000089000000|  0%| F|  |TAMS 0x0000000088f00000, 0x0000000088f00000| Untracked 
| 114|0x0000000089000000, 0x0000000089000000, 0x0000000089100000|  0%| F|  |TAMS 0x0000000089000000, 0x0000000089000000| Untracked 
| 115|0x0000000089100000, 0x0000000089100000, 0x0000000089200000|  0%| F|  |TAMS 0x0000000089100000, 0x0000000089100000| Untracked 
| 116|0x0000000089200000, 0x0000000089200000, 0x0000000089300000|  0%| F|  |TAMS 0x0000000089200000, 0x0000000089200000| Untracked 
| 117|0x0000000089300000, 0x0000000089300000, 0x0000000089400000|  0%| F|  |TAMS 0x0000000089300000, 0x0000000089300000| Untracked 
| 118|0x0000000089400000, 0x0000000089400000, 0x0000000089500000|  0%| F|  |TAMS 0x0000000089400000, 0x0000000089400000| Untracked 
| 119|0x0000000089500000, 0x0000000089500000, 0x0000000089600000|  0%| F|  |TAMS 0x0000000089500000, 0x0000000089500000| Untracked 
| 120|0x0000000089600000, 0x0000000089600000, 0x0000000089700000|  0%| F|  |TAMS 0x0000000089600000, 0x0000000089600000| Untracked 
| 121|0x0000000089700000, 0x0000000089700000, 0x0000000089800000|  0%| F|  |TAMS 0x0000000089700000, 0x0000000089700000| Untracked 
| 122|0x0000000089800000, 0x0000000089800000, 0x0000000089900000|  0%| F|  |TAMS 0x0000000089800000, 0x0000000089800000| Untracked 
| 123|0x0000000089900000, 0x0000000089900000, 0x0000000089a00000|  0%| F|  |TAMS 0x0000000089900000, 0x0000000089900000| Untracked 
| 124|0x0000000089a00000, 0x0000000089a00000, 0x0000000089b00000|  0%| F|  |TAMS 0x0000000089a00000, 0x0000000089a00000| Untracked 
| 125|0x0000000089b00000, 0x0000000089b00000, 0x0000000089c00000|  0%| F|  |TAMS 0x0000000089b00000, 0x0000000089b00000| Untracked 
| 126|0x0000000089c00000, 0x0000000089c00000, 0x0000000089d00000|  0%| F|  |TAMS 0x0000000089c00000, 0x0000000089c00000| Untracked 
| 127|0x0000000089d00000, 0x0000000089d00000, 0x0000000089e00000|  0%| F|  |TAMS 0x0000000089d00000, 0x0000000089d00000| Untracked 

Card table byte_map: [0x00000262dc8f0000,0x00000262dccf0000] _byte_map_base: 0x00000262dc4e1000

Marking Bits (Prev, Next): (CMBitMap*) 0x00000262c9148c10, (CMBitMap*) 0x00000262c9148bd8
 Prev Bits: [0x00000262df080000, 0x00000262e1008000)
 Next Bits: [0x00000262dd0f0000, 0x00000262df078000)

Polling page: 0x00000262c70d0000

Metaspace:

Usage:
  Non-class:     26.72 MB capacity,    26.05 MB ( 97%) used,   561.22 KB (  2%) free+waste,   125.06 KB ( <1%) overhead. 
      Class:      4.59 MB capacity,     4.14 MB ( 90%) used,   395.15 KB (  8%) free+waste,    63.56 KB (  1%) overhead. 
       Both:     31.31 MB capacity,    30.19 MB ( 96%) used,   956.37 KB (  3%) free+waste,   188.63 KB ( <1%) overhead. 

Virtual space:
  Non-class space:       32.00 MB reserved,      26.92 MB ( 84%) committed 
      Class space:        1.00 GB reserved,       4.63 MB ( <1%) committed 
             Both:        1.03 GB reserved,      31.55 MB (  3%) committed 

Chunk freelists:
   Non-Class:  13.00 KB
       Class:  6.00 KB
        Both:  19.00 KB

MaxMetaspaceSize: 17179869184.00 GB
CompressedClassSpaceSize: 1.00 GB

CodeHeap 'non-profiled nmethods': size=238336Kb used=6407Kb max_used=6407Kb free=231928Kb
 bounds [0x00000262cd900000, 0x00000262cdf50000, 0x00000262dc1c0000]
CodeHeap 'non-nmethods': size=7424Kb used=1278Kb max_used=1278Kb free=6145Kb
 bounds [0x00000262cd1c0000, 0x00000262cd430000, 0x00000262cd900000]
 total_blobs=4816 nmethods=3891 adapters=578
 compilation: enabled
              stopped_count=0, restarted_count=0
 full_count=0

Compilation events (20 events):
Event: 6.945 Thread 0x00000262e3a57800 3882       1       com.mysql.cj.protocol.a.NativePacketPayload::writeInteger (745 bytes)
Event: 6.946 Thread 0x00000262e3a57800 nmethod 3882 0x00000262cdf3d710 code [0x00000262cdf3d9e0, 0x00000262cdf3e4f0]
Event: 6.946 Thread 0x00000262e3a57800 3883       1       java.util.AbstractMap$SimpleImmutableEntry::getValue (5 bytes)
Event: 6.946 Thread 0x00000262e3a57800 nmethod 3883 0x00000262cdf3eb10 code [0x00000262cdf3ecc0, 0x00000262cdf3edf8]
Event: 6.947 Thread 0x00000262e3a57800 3884       1       java.security.AlgorithmParameters::getParameterSpec (26 bytes)
Event: 6.947 Thread 0x00000262e3a57800 nmethod 3884 0x00000262cdf3ee90 code [0x00000262cdf3f060, 0x00000262cdf3f240]
Event: 6.947 Thread 0x00000262e3a57800 3885       1       sun.security.ssl.HandshakeContext::isActivatable (210 bytes)
Event: 6.948 Thread 0x00000262e3a57800 nmethod 3885 0x00000262cdf3f310 code [0x00000262cdf3f540, 0x00000262cdf3f910]
Event: 6.948 Thread 0x00000262e3a57800 3886       1       sun.security.util.math.intpoly.IntegerPolynomial$MutableElement::fixed (5 bytes)
Event: 6.948 Thread 0x00000262e3a57800 nmethod 3886 0x00000262cdf3fb90 code [0x00000262cdf3fd60, 0x00000262cdf400d0]
Event: 6.948 Thread 0x00000262e3a57800 3887       1       sun.security.util.math.intpoly.IntegerPolynomial$MutableElement::fixed (26 bytes)
Event: 6.949 Thread 0x00000262e3a57800 nmethod 3887 0x00000262cdf40190 code [0x00000262cdf40360, 0x00000262cdf406d0]
Event: 6.949 Thread 0x00000262e3a57800 3888       1       sun.security.ssl.HandshakeOutStream::checkOverflow (42 bytes)
Event: 6.949 Thread 0x00000262e3a57800 nmethod 3888 0x00000262cdf40790 code [0x00000262cdf409c0, 0x00000262cdf40e60]
Event: 6.951 Thread 0x00000262e3a57800 3889       1       sun.security.ssl.SSLCipher$T12GcmWriteCipherGenerator$GcmWriteCipher::getExplicitNonceSize (5 bytes)
Event: 6.951 Thread 0x00000262e3a57800 nmethod 3889 0x00000262cdf41090 code [0x00000262cdf41240, 0x00000262cdf41378]
Event: 6.951 Thread 0x00000262e3a57800 3890       1       java.security.Provider$UString::<init> (21 bytes)
Event: 6.952 Thread 0x00000262e3a57800 nmethod 3890 0x00000262cdf41410 code [0x00000262cdf415e0, 0x00000262cdf41860]
Event: 6.952 Thread 0x00000262e3a57800 3891       1       java.security.Provider$UString::hashCode (8 bytes)
Event: 6.952 Thread 0x00000262e3a57800 nmethod 3891 0x00000262cdf41990 code [0x00000262cdf41b40, 0x00000262cdf41cb0]

GC Heap History (13 events):
Event: 1.049 GC heap before
{Heap before GC invocations=0 (full 0):
 garbage-first heap   total 131072K, used 24576K [0x0000000081e00000, 0x0000000100000000)
  region size 1024K, 24 young (24576K), 0 survivors (0K)
 Metaspace       used 7398K, capacity 7850K, committed 8064K, reserved 1056768K
  class space    used 913K, capacity 1099K, committed 1152K, reserved 1048576K
}
Event: 1.064 GC heap after
{Heap after GC invocations=1 (full 0):
 garbage-first heap   total 131072K, used 8248K [0x0000000081e00000, 0x0000000100000000)
  region size 1024K, 3 young (3072K), 3 survivors (3072K)
 Metaspace       used 7398K, capacity 7850K, committed 8064K, reserved 1056768K
  class space    used 913K, capacity 1099K, committed 1152K, reserved 1048576K
}
Event: 1.366 GC heap before
{Heap before GC invocations=1 (full 0):
 garbage-first heap   total 131072K, used 19512K [0x0000000081e00000, 0x0000000100000000)
  region size 1024K, 14 young (14336K), 3 survivors (3072K)
 Metaspace       used 9504K, capacity 9998K, committed 10112K, reserved 1058816K
  class space    used 1213K, capacity 1394K, committed 1408K, reserved 1048576K
}
Event: 1.369 GC heap after
{Heap after GC invocations=2 (full 0):
 garbage-first heap   total 131072K, used 9273K [0x0000000081e00000, 0x0000000100000000)
  region size 1024K, 1 young (1024K), 1 survivors (1024K)
 Metaspace       used 9504K, capacity 9998K, committed 10112K, reserved 1058816K
  class space    used 1213K, capacity 1394K, committed 1408K, reserved 1048576K
}
Event: 1.875 GC heap before
{Heap before GC invocations=2 (full 0):
 garbage-first heap   total 131072K, used 52281K [0x0000000081e00000, 0x0000000100000000)
  region size 1024K, 44 young (45056K), 1 survivors (1024K)
 Metaspace       used 13038K, capacity 13728K, committed 13824K, reserved 1060864K
  class space    used 1703K, capacity 1990K, committed 2048K, reserved 1048576K
}
Event: 1.878 GC heap after
{Heap after GC invocations=3 (full 0):
 garbage-first heap   total 131072K, used 11771K [0x0000000081e00000, 0x0000000100000000)
  region size 1024K, 4 young (4096K), 4 survivors (4096K)
 Metaspace       used 13038K, capacity 13728K, committed 13824K, reserved 1060864K
  class space    used 1703K, capacity 1990K, committed 2048K, reserved 1048576K
}
Event: 2.247 GC heap before
{Heap before GC invocations=3 (full 0):
 garbage-first heap   total 131072K, used 63995K [0x0000000081e00000, 0x0000000100000000)
  region size 1024K, 56 young (57344K), 4 survivors (4096K)
 Metaspace       used 14924K, capacity 15660K, committed 15872K, reserved 1062912K
  class space    used 1963K, capacity 2269K, committed 2304K, reserved 1048576K
}
Event: 2.281 GC heap after
{Heap after GC invocations=4 (full 0):
 garbage-first heap   total 131072K, used 12723K [0x0000000081e00000, 0x0000000100000000)
  region size 1024K, 5 young (5120K), 5 survivors (5120K)
 Metaspace       used 14924K, capacity 15660K, committed 15872K, reserved 1062912K
  class space    used 1963K, capacity 2269K, committed 2304K, reserved 1048576K
}
Event: 3.084 GC heap before
{Heap before GC invocations=4 (full 0):
 garbage-first heap   total 131072K, used 75187K [0x0000000081e00000, 0x0000000100000000)
  region size 1024K, 67 young (68608K), 5 survivors (5120K)
 Metaspace       used 19743K, capacity 20780K, committed 21120K, reserved 1067008K
  class space    used 2652K, capacity 3080K, committed 3200K, reserved 1048576K
}
Event: 3.091 GC heap after
{Heap after GC invocations=5 (full 0):
 garbage-first heap   total 131072K, used 15295K [0x0000000081e00000, 0x0000000100000000)
  region size 1024K, 7 young (7168K), 7 survivors (7168K)
 Metaspace       used 19743K, capacity 20780K, committed 21120K, reserved 1067008K
  class space    used 2652K, capacity 3080K, committed 3200K, reserved 1048576K
}
Event: 3.248 GC heap before
{Heap before GC invocations=5 (full 0):
 garbage-first heap   total 131072K, used 16319K [0x0000000081e00000, 0x0000000100000000)
  region size 1024K, 9 young (9216K), 7 survivors (7168K)
 Metaspace       used 20101K, capacity 21132K, committed 21296K, reserved 1067008K
  class space    used 2676K, capacity 3112K, committed 3200K, reserved 1048576K
}
Event: 3.281 GC heap after
{Heap after GC invocations=6 (full 0):
 garbage-first heap   total 131072K, used 15470K [0x0000000081e00000, 0x0000000100000000)
  region size 1024K, 4 young (4096K), 4 survivors (4096K)
 Metaspace       used 20101K, capacity 21132K, committed 21296K, reserved 1067008K
  class space    used 2676K, capacity 3112K, committed 3200K, reserved 1048576K
}
Event: 6.952 GC heap before
{Heap before GC invocations=7 (full 0):
 garbage-first heap   total 131072K, used 75886K [0x0000000081e00000, 0x0000000100000000)
  region size 1024K, 64 young (65536K), 4 survivors (4096K)
 Metaspace       used 30916K, capacity 32061K, committed 32304K, reserved 1081344K
  class space    used 4239K, capacity 4698K, committed 4736K, reserved 1048576K
}

Deoptimization events (4 events):
Event: 2.531 Thread 0x00000262e4953800 DEOPT PACKING pc=0x00000262cdc11934 sp=0x00000099646fd780
Event: 2.531 Thread 0x00000262e4953800 DEOPT UNPACKING pc=0x00000262cd1e904e sp=0x00000099646fcce8 mode 0
Event: 6.335 Thread 0x00000262e4953800 DEOPT PACKING pc=0x00000262cdb53c4c sp=0x00000099646f9cf0
Event: 6.335 Thread 0x00000262e4953800 DEOPT UNPACKING pc=0x00000262cd1e904e sp=0x00000099646f91b8 mode 0

Classes redefined (0 events):
No events

Internal exceptions (20 events):
Event: 2.998 Thread 0x00000262e4953800 Exception <a 'java/lang/NullPointerException'{0x0000000085c3db68}> (0x0000000085c3db68) thrown at [c:/BuildAgent/work/5ff2f6c26000d570/src/hotspot/share/runtime/sharedRuntime.cpp, line 584]
Event: 2.998 Thread 0x00000262e4953800 Implicit null exception at 0x00000262cdc9270d to 0x00000262cdc92a4f
Event: 2.998 Thread 0x00000262e4953800 Exception <a 'java/lang/NullPointerException'{0x0000000085c3e9f0}> (0x0000000085c3e9f0) thrown at [c:/BuildAgent/work/5ff2f6c26000d570/src/hotspot/share/runtime/sharedRuntime.cpp, line 584]
Event: 2.998 Thread 0x00000262e4953800 Implicit null exception at 0x00000262cdc9270d to 0x00000262cdc92a4f
Event: 2.998 Thread 0x00000262e4953800 Exception <a 'java/lang/NullPointerException'{0x0000000085c3f800}> (0x0000000085c3f800) thrown at [c:/BuildAgent/work/5ff2f6c26000d570/src/hotspot/share/runtime/sharedRuntime.cpp, line 584]
Event: 2.998 Thread 0x00000262e4953800 Implicit null exception at 0x00000262cdc9270d to 0x00000262cdc92a4f
Event: 2.998 Thread 0x00000262e4953800 Exception <a 'java/lang/NullPointerException'{0x0000000085c40c38}> (0x0000000085c40c38) thrown at [c:/BuildAgent/work/5ff2f6c26000d570/src/hotspot/share/runtime/sharedRuntime.cpp, line 584]
Event: 3.045 Thread 0x00000262e4953800 Exception <a 'java/lang/NoSuchMethodError'{0x0000000085bb4ac0}: 'int java.lang.invoke.DirectMethodHandle$Holder.invokeSpecial(java.lang.Object, java.lang.Object, java.lang.Object, java.lang.Object, java.lang.Object)'> (0x0000000085bb4ac0) thrown at [c:/Bu
Event: 3.137 Thread 0x00000262ebd50000 Exception <a 'java/lang/reflect/InvocationTargetException'{0x0000000089d8a700}> (0x0000000089d8a700) thrown at [c:/BuildAgent/work/5ff2f6c26000d570/src/hotspot/share/runtime/reflection.cpp, line 1246]
Event: 3.644 Thread 0x00000262ebd50000 Exception <a 'java/lang/reflect/InvocationTargetException'{0x0000000088e89bf8}> (0x0000000088e89bf8) thrown at [c:/BuildAgent/work/5ff2f6c26000d570/src/hotspot/share/runtime/reflection.cpp, line 1246]
Event: 4.160 Thread 0x00000262ebd50000 Exception <a 'java/lang/reflect/InvocationTargetException'{0x0000000088ee3860}> (0x0000000088ee3860) thrown at [c:/BuildAgent/work/5ff2f6c26000d570/src/hotspot/share/runtime/reflection.cpp, line 1246]
Event: 4.668 Thread 0x00000262ebd50000 Exception <a 'java/lang/reflect/InvocationTargetException'{0x0000000088dd1e50}> (0x0000000088dd1e50) thrown at [c:/BuildAgent/work/5ff2f6c26000d570/src/hotspot/share/runtime/reflection.cpp, line 1246]
Event: 5.176 Thread 0x00000262ebd50000 Exception <a 'java/lang/reflect/InvocationTargetException'{0x0000000087ecf9a8}> (0x0000000087ecf9a8) thrown at [c:/BuildAgent/work/5ff2f6c26000d570/src/hotspot/share/runtime/reflection.cpp, line 1246]
Event: 5.211 Thread 0x00000262e4953800 Exception <a 'java/lang/NoSuchMethodError'{0x0000000087c65fe8}: 'java.lang.Object java.lang.invoke.DirectMethodHandle$Holder.invokeSpecial(java.lang.Object, java.lang.Object, int, int, java.lang.Object, java.lang.Object, java.lang.Object)'> (0x0000000087c
Event: 5.211 Thread 0x00000262e4953800 Exception <a 'java/lang/NoSuchMethodError'{0x0000000087c69578}: 'java.lang.Object java.lang.invoke.DelegatingMethodHandle$Holder.reinvoke_L(java.lang.Object, int, int, java.lang.Object, java.lang.Object, java.lang.Object)'> (0x0000000087c69578) thrown at 
Event: 5.684 Thread 0x00000262ebd50000 Exception <a 'java/lang/reflect/InvocationTargetException'{0x0000000087edc6d8}> (0x0000000087edc6d8) thrown at [c:/BuildAgent/work/5ff2f6c26000d570/src/hotspot/share/runtime/reflection.cpp, line 1246]
Event: 6.191 Thread 0x00000262ebd50000 Exception <a 'java/lang/reflect/InvocationTargetException'{0x00000000874da270}> (0x00000000874da270) thrown at [c:/BuildAgent/work/5ff2f6c26000d570/src/hotspot/share/runtime/reflection.cpp, line 1246]
Event: 6.331 Thread 0x00000262e4953800 Exception <a 'sun/nio/fs/WindowsException'{0x0000000086da0458}> (0x0000000086da0458) thrown at [c:/BuildAgent/work/5ff2f6c26000d570/src/hotspot/share/prims/jni.cpp, line 615]
Event: 6.338 Thread 0x00000262e4953800 Exception <a 'java/lang/NoSuchMethodError'{0x0000000086dc23d8}: 'int java.lang.invoke.DirectMethodHandle$Holder.invokeStaticInit(java.lang.Object, java.lang.Object, java.lang.Object, java.lang.Object)'> (0x0000000086dc23d8) thrown at [c:/BuildAgent/work/5
Event: 6.698 Thread 0x00000262ebd50000 Exception <a 'java/lang/reflect/InvocationTargetException'{0x000000008700b098}> (0x000000008700b098) thrown at [c:/BuildAgent/work/5ff2f6c26000d570/src/hotspot/share/runtime/reflection.cpp, line 1246]

Events (20 events):
Event: 6.751 loading class com/mysql/cj/AbstractQuery
Event: 6.751 loading class com/mysql/cj/AbstractQuery done
Event: 6.753 loading class com/mysql/cj/Query$CancelStatus
Event: 6.753 loading class com/mysql/cj/Query$CancelStatus done
Event: 6.794 Thread 0x00000262ebd54000 Thread added: 0x00000262ebd54000
Event: 6.794 Executing VM operation: RevokeBias
Event: 6.794 Executing VM operation: RevokeBias done
Event: 6.796 Executing VM operation: RevokeBias
Event: 6.796 Executing VM operation: RevokeBias done
Event: 6.796 Executing VM operation: RevokeBias
Event: 6.796 Executing VM operation: RevokeBias done
Event: 6.796 Executing VM operation: RevokeBias
Event: 6.797 Executing VM operation: RevokeBias done
Event: 6.801 Executing VM operation: RevokeBias
Event: 6.801 Executing VM operation: RevokeBias done
Event: 6.801 Executing VM operation: RevokeBias
Event: 6.801 Executing VM operation: RevokeBias done
Event: 6.802 Executing VM operation: RevokeBias
Event: 6.802 Executing VM operation: RevokeBias done
Event: 6.952 Executing VM operation: G1CollectForAllocation


Dynamic libraries:
0x00007ff7266d0000 - 0x00007ff7266da000 	C:\Program Files\JetBrains\IntelliJ IDEA 2019.3.3\jbr\bin\java.exe
0x00007ffde6f40000 - 0x00007ffde7121000 	C:\WINDOWS\SYSTEM32\ntdll.dll
0x00007ffde6c90000 - 0x00007ffde6d41000 	C:\WINDOWS\System32\KERNEL32.DLL
0x00007ffde40a0000 - 0x00007ffde4313000 	C:\WINDOWS\System32\KERNELBASE.dll
0x00007ffde34e0000 - 0x00007ffde35d8000 	C:\WINDOWS\System32\ucrtbase.dll
0x00007ffdd93f0000 - 0x00007ffdd9407000 	C:\Program Files\JetBrains\IntelliJ IDEA 2019.3.3\jbr\bin\VCRUNTIME140.dll
0x00007ffdd8120000 - 0x00007ffdd8139000 	C:\Program Files\JetBrains\IntelliJ IDEA 2019.3.3\jbr\bin\jli.dll
0x00007ffde4920000 - 0x00007ffde4ab0000 	C:\WINDOWS\System32\USER32.dll
0x00007ffde4080000 - 0x00007ffde40a0000 	C:\WINDOWS\System32\win32u.dll
0x00007ffdd24f0000 - 0x00007ffdd2759000 	C:\WINDOWS\WinSxS\amd64_microsoft.windows.common-controls_6595b64144ccf1df_6.0.17134.1425_none_d3fdcfc37c922690\COMCTL32.dll
0x00007ffde6100000 - 0x00007ffde6128000 	C:\WINDOWS\System32\GDI32.dll
0x00007ffde4ab0000 - 0x00007ffde4b4e000 	C:\WINDOWS\System32\msvcrt.dll
0x00007ffde37d0000 - 0x00007ffde3961000 	C:\WINDOWS\System32\gdi32full.dll
0x00007ffde6740000 - 0x00007ffde6a61000 	C:\WINDOWS\System32\combase.dll
0x00007ffde4320000 - 0x00007ffde43bf000 	C:\WINDOWS\System32\msvcp_win.dll
0x00007ffde64b0000 - 0x00007ffde65d4000 	C:\WINDOWS\System32\RPCRT4.dll
0x00007ffde3300000 - 0x00007ffde3379000 	C:\WINDOWS\System32\bcryptPrimitives.dll
0x00007ffde62a0000 - 0x00007ffde62cd000 	C:\WINDOWS\System32\IMM32.DLL
0x00007ffdd0af0000 - 0x00007ffdd0b8d000 	C:\Program Files\JetBrains\IntelliJ IDEA 2019.3.3\jbr\bin\msvcp140.dll
0x00007ffd933b0000 - 0x00007ffd93e6b000 	C:\Program Files\JetBrains\IntelliJ IDEA 2019.3.3\jbr\bin\server\jvm.dll
0x00007ffde6130000 - 0x00007ffde61d1000 	C:\WINDOWS\System32\ADVAPI32.dll
0x00007ffde4810000 - 0x00007ffde486b000 	C:\WINDOWS\System32\sechost.dll
0x00007ffde61e0000 - 0x00007ffde61e8000 	C:\WINDOWS\System32\PSAPI.DLL
0x00007ffde1200000 - 0x00007ffde1223000 	C:\WINDOWS\SYSTEM32\WINMM.dll
0x00007ffdd3090000 - 0x00007ffdd3099000 	C:\WINDOWS\SYSTEM32\WSOCK32.dll
0x00007ffddddd0000 - 0x00007ffddddda000 	C:\WINDOWS\SYSTEM32\VERSION.dll
0x00007ffde6ba0000 - 0x00007ffde6c0c000 	C:\WINDOWS\System32\WS2_32.dll
0x00007ffde11d0000 - 0x00007ffde11fa000 	C:\WINDOWS\SYSTEM32\winmmbase.dll
0x00007ffde3380000 - 0x00007ffde33c9000 	C:\WINDOWS\System32\cfgmgr32.dll
0x00007ffde3270000 - 0x00007ffde3281000 	C:\WINDOWS\System32\kernel.appcore.dll
0x00007ffddf560000 - 0x00007ffddf571000 	C:\Program Files\JetBrains\IntelliJ IDEA 2019.3.3\jbr\bin\verify.dll
0x00007ffddd310000 - 0x00007ffddd4d9000 	C:\WINDOWS\SYSTEM32\DBGHELP.DLL
0x00007ffddd2c0000 - 0x00007ffddd2e9000 	C:\WINDOWS\SYSTEM32\dbgcore.DLL
0x00007ffdd9e90000 - 0x00007ffdd9eb9000 	C:\Program Files\JetBrains\IntelliJ IDEA 2019.3.3\jbr\bin\java.dll
0x00007ffddf600000 - 0x00007ffddf60f000 	C:\Program Files\JetBrains\IntelliJ IDEA 2019.3.3\jbr\bin\instrument.dll
0x00007ffdd9e30000 - 0x00007ffdd9e47000 	C:\Program Files\JetBrains\IntelliJ IDEA 2019.3.3\jbr\bin\zip.dll
0x00007ffde0af0000 - 0x00007ffde0afb000 	C:\Program Files\JetBrains\IntelliJ IDEA 2019.3.3\jbr\bin\jimage.dll
0x00007ffde4cb0000 - 0x00007ffde60f5000 	C:\WINDOWS\System32\SHELL32.dll
0x00007ffde4870000 - 0x00007ffde4919000 	C:\WINDOWS\System32\shcore.dll
0x00007ffde3970000 - 0x00007ffde4080000 	C:\WINDOWS\System32\windows.storage.dll
0x00007ffde4b60000 - 0x00007ffde4bb1000 	C:\WINDOWS\System32\shlwapi.dll
0x00007ffde3290000 - 0x00007ffde32af000 	C:\WINDOWS\System32\profapi.dll
0x00007ffde32b0000 - 0x00007ffde32fc000 	C:\WINDOWS\System32\powrprof.dll
0x00007ffde3260000 - 0x00007ffde326a000 	C:\WINDOWS\System32\FLTLIB.DLL
0x00007ffdd93d0000 - 0x00007ffdd93ea000 	C:\Program Files\JetBrains\IntelliJ IDEA 2019.3.3\jbr\bin\net.dll
0x00007ffdde1c0000 - 0x00007ffdde29d000 	C:\WINDOWS\SYSTEM32\WINHTTP.dll
0x00007ffde2a60000 - 0x00007ffde2ac6000 	C:\WINDOWS\system32\mswsock.dll
0x00007ffdd8350000 - 0x00007ffdd8364000 	C:\Program Files\JetBrains\IntelliJ IDEA 2019.3.3\jbr\bin\nio.dll
0x00007ffdd1580000 - 0x00007ffdd159a000 	C:\Program Files\JetBrains\IntelliJ IDEA 2019.3.3\bin\breakgen64.dll
0x00007ffde2830000 - 0x00007ffde28ee000 	C:\WINDOWS\SYSTEM32\DNSAPI.dll
0x00007ffde61f0000 - 0x00007ffde61f8000 	C:\WINDOWS\System32\NSI.dll
0x00007ffde27b0000 - 0x00007ffde27e8000 	C:\WINDOWS\SYSTEM32\IPHLPAPI.DLL
0x00007ffdd3730000 - 0x00007ffdd373a000 	C:\Windows\System32\rasadhlp.dll
0x00007ffdddd50000 - 0x00007ffddddc2000 	C:\WINDOWS\System32\fwpuclnt.dll
0x00007ffde2d40000 - 0x00007ffde2d65000 	C:\WINDOWS\SYSTEM32\bcrypt.dll
0x00007ffddee20000 - 0x00007ffddee2a000 	C:\Program Files\JetBrains\IntelliJ IDEA 2019.3.3\jbr\bin\management.dll
0x00007ffddd740000 - 0x00007ffddd74c000 	C:\Program Files\JetBrains\IntelliJ IDEA 2019.3.3\jbr\bin\management_ext.dll
0x00007ffde2c20000 - 0x00007ffde2c37000 	C:\WINDOWS\SYSTEM32\CRYPTSP.dll
0x00007ffde2610000 - 0x00007ffde2643000 	C:\WINDOWS\system32\rsaenh.dll
0x00007ffde3140000 - 0x00007ffde3168000 	C:\WINDOWS\SYSTEM32\USERENV.dll
0x00007ffde2c10000 - 0x00007ffde2c1b000 	C:\WINDOWS\SYSTEM32\CRYPTBASE.dll
0x00007ffdde470000 - 0x00007ffdde486000 	C:\WINDOWS\SYSTEM32\dhcpcsvc6.DLL
0x00007ffdde4b0000 - 0x00007ffdde4ca000 	C:\WINDOWS\SYSTEM32\dhcpcsvc.DLL
0x00007ffdc9760000 - 0x00007ffdc9776000 	C:\WINDOWS\system32\napinsp.dll
0x00007ffdc9730000 - 0x00007ffdc974a000 	C:\WINDOWS\system32\pnrpnsp.dll
0x00007ffdd8d70000 - 0x00007ffdd8d89000 	C:\WINDOWS\system32\NLAapi.dll
0x00007ffdc9700000 - 0x00007ffdc970e000 	C:\WINDOWS\System32\winrnr.dll
0x00007ffdd9cc0000 - 0x00007ffdd9cd5000 	C:\WINDOWS\System32\wshbth.dll
0x00000262c9090000 - 0x00000262c9093000 	C:\Program Files\JetBrains\IntelliJ IDEA 2019.3.3\jbr\bin\api-ms-win-core-console-l1-1-0.dll
0x00000262c90a0000 - 0x00000262c90a3000 	C:\Program Files\JetBrains\IntelliJ IDEA 2019.3.3\jbr\bin\api-ms-win-core-datetime-l1-1-0.dll
0x00000262c90b0000 - 0x00000262c90b3000 	C:\Program Files\JetBrains\IntelliJ IDEA 2019.3.3\jbr\bin\api-ms-win-core-debug-l1-1-0.dll
0x00000262c90c0000 - 0x00000262c90c3000 	C:\Program Files\JetBrains\IntelliJ IDEA 2019.3.3\jbr\bin\api-ms-win-core-errorhandling-l1-1-0.dll
0x00000262e52d0000 - 0x00000262e52d4000 	C:\Program Files\JetBrains\IntelliJ IDEA 2019.3.3\jbr\bin\api-ms-win-core-file-l1-1-0.dll
0x00000262e52e0000 - 0x00000262e52e3000 	C:\Program Files\JetBrains\IntelliJ IDEA 2019.3.3\jbr\bin\api-ms-win-core-file-l1-2-0.dll
0x00000262e52f0000 - 0x00000262e52f3000 	C:\Program Files\JetBrains\IntelliJ IDEA 2019.3.3\jbr\bin\api-ms-win-core-file-l2-1-0.dll
0x00000262e5300000 - 0x00000262e5303000 	C:\Program Files\JetBrains\IntelliJ IDEA 2019.3.3\jbr\bin\api-ms-win-core-handle-l1-1-0.dll
0x00000262e5310000 - 0x00000262e5313000 	C:\Program Files\JetBrains\IntelliJ IDEA 2019.3.3\jbr\bin\api-ms-win-core-heap-l1-1-0.dll
0x00000262e5320000 - 0x00000262e5323000 	C:\Program Files\JetBrains\IntelliJ IDEA 2019.3.3\jbr\bin\api-ms-win-core-interlocked-l1-1-0.dll
0x00000262e5330000 - 0x00000262e5333000 	C:\Program Files\JetBrains\IntelliJ IDEA 2019.3.3\jbr\bin\api-ms-win-core-libraryloader-l1-1-0.dll
0x00000262e5340000 - 0x00000262e5343000 	C:\Program Files\JetBrains\IntelliJ IDEA 2019.3.3\jbr\bin\api-ms-win-core-localization-l1-2-0.dll
0x00000262e5350000 - 0x00000262e5353000 	C:\Program Files\JetBrains\IntelliJ IDEA 2019.3.3\jbr\bin\api-ms-win-core-memory-l1-1-0.dll
0x00000262e5360000 - 0x00000262e5363000 	C:\Program Files\JetBrains\IntelliJ IDEA 2019.3.3\jbr\bin\api-ms-win-core-namedpipe-l1-1-0.dll
0x00000262e5370000 - 0x00000262e5373000 	C:\Program Files\JetBrains\IntelliJ IDEA 2019.3.3\jbr\bin\api-ms-win-core-processenvironment-l1-1-0.dll
0x00000262e5380000 - 0x00000262e5383000 	C:\Program Files\JetBrains\IntelliJ IDEA 2019.3.3\jbr\bin\api-ms-win-core-processthreads-l1-1-0.dll
0x00000262e5390000 - 0x00000262e5393000 	C:\Program Files\JetBrains\IntelliJ IDEA 2019.3.3\jbr\bin\api-ms-win-core-processthreads-l1-1-1.dll
0x00000262e53a0000 - 0x00000262e53a3000 	C:\Program Files\JetBrains\IntelliJ IDEA 2019.3.3\jbr\bin\api-ms-win-core-profile-l1-1-0.dll
0x00000262e53b0000 - 0x00000262e53b3000 	C:\Program Files\JetBrains\IntelliJ IDEA 2019.3.3\jbr\bin\api-ms-win-core-rtlsupport-l1-1-0.dll
0x00000262e53c0000 - 0x00000262e53c3000 	C:\Program Files\JetBrains\IntelliJ IDEA 2019.3.3\jbr\bin\api-ms-win-core-string-l1-1-0.dll
0x00000262e53d0000 - 0x00000262e53d3000 	C:\Program Files\JetBrains\IntelliJ IDEA 2019.3.3\jbr\bin\api-ms-win-core-synch-l1-1-0.dll
0x00000262e53e0000 - 0x00000262e53e3000 	C:\Program Files\JetBrains\IntelliJ IDEA 2019.3.3\jbr\bin\api-ms-win-core-synch-l1-2-0.dll
0x00000262e53f0000 - 0x00000262e53f3000 	C:\Program Files\JetBrains\IntelliJ IDEA 2019.3.3\jbr\bin\api-ms-win-core-sysinfo-l1-1-0.dll
0x00000262e5400000 - 0x00000262e5403000 	C:\Program Files\JetBrains\IntelliJ IDEA 2019.3.3\jbr\bin\api-ms-win-core-timezone-l1-1-0.dll
0x00000262e5410000 - 0x00000262e5413000 	C:\Program Files\JetBrains\IntelliJ IDEA 2019.3.3\jbr\bin\api-ms-win-core-util-l1-1-0.dll
0x00000262e5420000 - 0x00000262e5423000 	C:\Program Files\JetBrains\IntelliJ IDEA 2019.3.3\jbr\bin\api-ms-win-crt-conio-l1-1-0.dll
0x00000262e5430000 - 0x00000262e5434000 	C:\Program Files\JetBrains\IntelliJ IDEA 2019.3.3\jbr\bin\api-ms-win-crt-convert-l1-1-0.dll
0x00000262e5440000 - 0x00000262e5443000 	C:\Program Files\JetBrains\IntelliJ IDEA 2019.3.3\jbr\bin\api-ms-win-crt-environment-l1-1-0.dll
0x00000262e5450000 - 0x00000262e5453000 	C:\Program Files\JetBrains\IntelliJ IDEA 2019.3.3\jbr\bin\api-ms-win-crt-filesystem-l1-1-0.dll
0x00000262e5460000 - 0x00000262e5463000 	C:\Program Files\JetBrains\IntelliJ IDEA 2019.3.3\jbr\bin\api-ms-win-crt-heap-l1-1-0.dll
0x00000262e5470000 - 0x00000262e5473000 	C:\Program Files\JetBrains\IntelliJ IDEA 2019.3.3\jbr\bin\api-ms-win-crt-locale-l1-1-0.dll
0x00000262e5480000 - 0x00000262e5485000 	C:\Program Files\JetBrains\IntelliJ IDEA 2019.3.3\jbr\bin\api-ms-win-crt-math-l1-1-0.dll
0x00000262e5490000 - 0x00000262e5495000 	C:\Program Files\JetBrains\IntelliJ IDEA 2019.3.3\jbr\bin\api-ms-win-crt-multibyte-l1-1-0.dll
0x00000262e54a0000 - 0x00000262e54b0000 	C:\Program Files\JetBrains\IntelliJ IDEA 2019.3.3\jbr\bin\api-ms-win-crt-private-l1-1-0.dll
0x00000262e54b0000 - 0x00000262e54b3000 	C:\Program Files\JetBrains\IntelliJ IDEA 2019.3.3\jbr\bin\api-ms-win-crt-process-l1-1-0.dll
0x00000262e54c0000 - 0x00000262e54c4000 	C:\Program Files\JetBrains\IntelliJ IDEA 2019.3.3\jbr\bin\api-ms-win-crt-runtime-l1-1-0.dll
0x00000262e54d0000 - 0x00000262e54d4000 	C:\Program Files\JetBrains\IntelliJ IDEA 2019.3.3\jbr\bin\api-ms-win-crt-stdio-l1-1-0.dll
0x00000262e54e0000 - 0x00000262e54e4000 	C:\Program Files\JetBrains\IntelliJ IDEA 2019.3.3\jbr\bin\api-ms-win-crt-string-l1-1-0.dll
0x00000262e54f0000 - 0x00000262e54f3000 	C:\Program Files\JetBrains\IntelliJ IDEA 2019.3.3\jbr\bin\api-ms-win-crt-time-l1-1-0.dll
0x00000262e5500000 - 0x00000262e5503000 	C:\Program Files\JetBrains\IntelliJ IDEA 2019.3.3\jbr\bin\api-ms-win-crt-utility-l1-1-0.dll
0x00007ffd9ee10000 - 0x00007ffd9ef0a000 	C:\Program Files\JetBrains\IntelliJ IDEA 2019.3.3\jbr\bin\ucrtbase.dll
0x00007ffda2230000 - 0x00007ffda2281000 	C:\Windows\System32\concrt140.dll
0x00007ffdd1a80000 - 0x00007ffdd1aa3000 	C:\Program Files\JetBrains\IntelliJ IDEA 2019.3.3\jbr\bin\prism_d3d.dll
0x00007ffdd87c0000 - 0x00007ffdd8957000 	C:\WINDOWS\system32\d3d9.dll
0x00007ffde15e0000 - 0x00007ffde1609000 	C:\WINDOWS\SYSTEM32\dwmapi.dll
0x00007ffde1430000 - 0x00007ffde14c8000 	C:\WINDOWS\system32\uxtheme.dll
0x00007ffd756c0000 - 0x00007ffd793cb000 	C:\WINDOWS\System32\DriverStore\FileRepository\igdlh64.inf_amd64_9dc776be3e13ad6d\igdumdim64.dll
0x00007ffde43c0000 - 0x00007ffde480b000 	C:\WINDOWS\System32\SETUPAPI.dll
0x00007ffde65e0000 - 0x00007ffde6731000 	C:\WINDOWS\System32\ole32.dll
0x00007ffde6a70000 - 0x00007ffde6b32000 	C:\WINDOWS\System32\OLEAUT32.dll
0x00007ffdca940000 - 0x00007ffdca985000 	C:\Program Files\JetBrains\IntelliJ IDEA 2019.3.3\jbr\bin\glass.dll
0x00007ffde4bc0000 - 0x00007ffde4cad000 	C:\WINDOWS\System32\COMDLG32.dll
0x00007ffde62d0000 - 0x00007ffde6443000 	C:\WINDOWS\System32\MSCTF.dll
0x00007ffdb5e20000 - 0x00007ffdb742c000 	C:\WINDOWS\System32\DriverStore\FileRepository\igdlh64.inf_amd64_9dc776be3e13ad6d\igc64.dll
0x00007ffdd9060000 - 0x00007ffdd9088000 	C:\Program Files\JetBrains\IntelliJ IDEA 2019.3.3\jbr\bin\sunec.dll

dbghelp: loaded successfully - version: 4.0.5 - missing functions: none
symbol engine: initialized successfully - sym options: 0x614 - pdb path: .;C:\Program Files\JetBrains\IntelliJ IDEA 2019.3.3\jbr\bin;C:\WINDOWS\SYSTEM32;C:\WINDOWS\WinSxS\amd64_microsoft.windows.common-controls_6595b64144ccf1df_6.0.17134.1425_none_d3fdcfc37c922690;C:\Program Files\JetBrains\IntelliJ IDEA 2019.3.3\jbr\bin\server;C:\Program Files\JetBrains\IntelliJ IDEA 2019.3.3\bin;C:\WINDOWS\System32\DriverStore\FileRepository\igdlh64.inf_amd64_9dc776be3e13ad6d

VM Arguments:
jvm_args: -XX:TieredStopAtLevel=1 -Xverify:none -Dspring.output.ansi.enabled=always -Dcom.sun.management.jmxremote -Dspring.jmx.enabled=true -Dspring.liveBeansView.mbeanDomain -Dspring.application.admin.enabled=true -javaagent:C:\Program Files\JetBrains\IntelliJ IDEA 2019.3.3\lib\idea_rt.jar=50184:C:\Program Files\JetBrains\IntelliJ IDEA 2019.3.3\bin -Dfile.encoding=UTF-8 
java_command: com.project.SDProject.ClientProjectApplication
java_class_path (initial): C:\Users\Andrei\Desktop\An3\Sem2\SD\assignment3\Client\target\classes;C:\Users\Andrei\.m2\repository\org\springframework\boot\spring-boot-starter\2.2.6.RELEASE\spring-boot-starter-2.2.6.RELEASE.jar;C:\Users\Andrei\.m2\repository\org\springframework\boot\spring-boot\2.2.6.RELEASE\spring-boot-2.2.6.RELEASE.jar;C:\Users\Andrei\.m2\repository\org\springframework\boot\spring-boot-autoconfigure\2.2.6.RELEASE\spring-boot-autoconfigure-2.2.6.RELEASE.jar;C:\Users\Andrei\.m2\repository\org\springframework\boot\spring-boot-starter-logging\2.2.6.RELEASE\spring-boot-starter-logging-2.2.6.RELEASE.jar;C:\Users\Andrei\.m2\repository\ch\qos\logback\logback-classic\1.2.3\logback-classic-1.2.3.jar;C:\Users\Andrei\.m2\repository\ch\qos\logback\logback-core\1.2.3\logback-core-1.2.3.jar;C:\Users\Andrei\.m2\repository\org\apache\logging\log4j\log4j-to-slf4j\2.12.1\log4j-to-slf4j-2.12.1.jar;C:\Users\Andrei\.m2\repository\org\apache\logging\log4j\log4j-api\2.12.1\log4j-api-2.12.1.jar;C:\Users\Andrei\.m2\repository\org\slf4j\jul-to-slf4j\1.7.30\jul-to-slf4j-1.7.30.jar;C:\Users\Andrei\.m2\repository\jakarta\annotation\jakarta.annotation-api\1.3.5\jakarta.annotation-api-1.3.5.jar;C:\Users\Andrei\.m2\repository\org\springframework\spring-core\5.2.5.RELEASE\spring-core-5.2.5.RELEASE.jar;C:\Users\Andrei\.m2\repository\org\springframework\spring-jcl\5.2.5.RELEASE\spring-jcl-5.2.5.RELEASE.jar;C:\Users\Andrei\.m2\repository\org\yaml\snakeyaml\1.25\snakeyaml-1.25.jar;C:\Users\Andrei\.m2\repository\org\openjfx\javafx-fxml\13\javafx-fxml-13.jar;C:\Users\Andrei\.m2\repository\org\openjfx\javafx-fxml\13\javafx-fxml-13-win.jar;C:\Users\Andrei\.m2\repository\com\itextpdf\itextpdf\5.5.10\itextpdf-5.5.10.jar;C:\Users\Andrei\.m2\repository\org\apache\pdfbox\pdfbox\2.0.4\pdfbox-2.0.4.jar;C:\Users\Andrei\.m2\repository\org\apache\pdfbox\fontbox\2.0.4\fontbox-2.0.4.jar;C:\Users\Andrei\.m2\repository\commons-logging\commons-logging\1.2\commons-logging-1.2.jar;C:\Users\Andrei\.m2\repos
Launcher Type: SUN_STANDARD

[Global flags]
     bool BytecodeVerificationLocal                = false                                     {product} {command line}
     bool BytecodeVerificationRemote               = false                                     {product} {command line}
     intx CICompilerCount                          = 4                                         {product} {ergonomic}
     uint ConcGCThreads                            = 2                                         {product} {ergonomic}
     uint G1ConcRefinementThreads                  = 8                                         {product} {ergonomic}
   size_t G1HeapRegionSize                         = 1048576                                   {product} {ergonomic}
    uintx GCDrainStackTargetSize                   = 64                                        {product} {ergonomic}
   size_t InitialHeapSize                          = 134217728                                 {product} {ergonomic}
     bool ManagementServer                         = true                                      {product} {command line}
   size_t MarkStackSize                            = 4194304                                   {product} {ergonomic}
   size_t MaxHeapSize                              = 2116026368                                {product} {ergonomic}
   size_t MaxNewSize                               = 1268776960                                {product} {ergonomic}
   size_t MinHeapDeltaBytes                        = 1048576                                   {product} {ergonomic}
    uintx NonNMethodCodeHeapSize                   = 7549744                                {pd product} {ergonomic}
    uintx NonProfiledCodeHeapSize                  = 244108496                              {pd product} {ergonomic}
    uintx ProfiledCodeHeapSize                     = 0                                      {pd product} {ergonomic}
    uintx ReservedCodeCacheSize                    = 251658240                              {pd product} {ergonomic}
     bool SegmentedCodeCache                       = true                                      {product} {ergonomic}
     intx TieredStopAtLevel                        = 1                                         {product} {command line}
     bool UseCompressedClassPointers               = true                                 {lp64_product} {ergonomic}
     bool UseCompressedOops                        = true                                 {lp64_product} {ergonomic}
     bool UseG1GC                                  = true                                      {product} {ergonomic}
     bool UseLargePagesIndividualAllocation        = false                                  {pd product} {ergonomic}

Logging:
Log output configuration:
 #0: stdout all=warning uptime,level,tags
 #1: stderr all=off uptime,level,tags

Environment Variables:
PATH=C:\Program Files\Haskell\bin;C:\Program Files\Haskell Platform\8.6.5\lib\extralibs\bin;C:\Program Files\Haskell Platform\8.6.5\bin;C:\ProgramData\Oracle\Java\javapath;C:\Windows\system32;C:\Windows;C:\Windows\System32\Wbem;C:\Windows\System32\WindowsPowerShell\v1.0\;C:\Program Files (x86)\NVIDIA Corporation\PhysX\Common;e:\poli\active_hdl\BIN;C:\PROGRA~2\Aldec\ACTIVE~1.3\BIN;C:\WINDOWS\system32;C:\WINDOWS;C:\WINDOWS\System32\Wbem;C:\WINDOWS\System32\WindowsPowerShell\v1.0\;C:\WINDOWS\System32\OpenSSH\;C:\Program Files\Microsoft SQL Server\Client SDK\ODBC\130\Tools\Binn\;C:\Program Files (x86)\Microsoft SQL Server\140\Tools\Binn\;C:\Program Files\Microsoft SQL Server\140\Tools\Binn\;C:\Program Files\Microsoft SQL Server\140\DTS\Binn\;C:\Program Files (x86)\Microsoft SQL Server\Client SDK\ODBC\130\Tools\Binn\;C:\Program Files (x86)\Microsoft SQL Server\140\DTS\Binn\;C:\Program Files (x86)\Microsoft SQL Server\140\Tools\Binn\ManagementStudio\;C:\Program Files\Git\cmd;C:\Program Files\NVIDIA Corporation\NVIDIA NvDLISR;C:\Program Files\TortoiseHg\;C:\Program Files\MySQL\MySQL Utilities 1.6\;C:\Program Files\Haskell Platform\8.6.5\mingw\bin;C:\Program Files (x86)\Eclipse\Sumo\bin\;C:\Program Files (x86)\Eclipse\Sumo\tools\;C:\Users\Andrei\anaconda;C:\Users\Andrei\anaconda\Library\mingw-w64\bin;C:\Users\Andrei\anaconda\Library\usr\bin;C:\Users\Andrei\anaconda\Library\bin;C:\Users\Andrei\anaconda\Scripts;C:\Users\Andrei\AppData\Local\Programs\Python\Python38-32\Scripts\;C:\Users\Andrei\AppData\Local\Programs\Python\Python38-32\;C:\Users\Andrei\AppData\Roaming\cabal\bin;C:\Users\Andrei\AppData\Roaming\local\bin;C:\Users\Andrei\AppData\Local\Microsoft\WindowsApps;C:\Users\Andrei\AppData\Local\Programs\MiKTeX 2.9\miktex\bin\x64\;C:\Program Files\JetBrains\IntelliJ IDEA 2019.3.3\bin;
USERNAME=Andrei
OS=Windows_NT
PROCESSOR_IDENTIFIER=Intel64 Family 6 Model 158 Stepping 9, GenuineIntel



---------------  S Y S T E M  ---------------

OS: Windows 10 , 64 bit Build 17134 (10.0.17134.1425)

CPU:total 8 (initial active 8) (4 cores per cpu, 2 threads per core) family 6 model 158 stepping 9, cmov, cx8, fxsr, mmx, sse, sse2, sse3, ssse3, sse4.1, sse4.2, popcnt, avx, avx2, aes, clmul, erms, 3dnowpref, lzcnt, ht, tsc, tscinvbit, bmi1, bmi2, adx, fma

Memory: 4k page, system-wide physical 8067M (547M free)
TotalPageFile size 14211M (AvailPageFile size 16M)
current process WorkingSet (physical memory assigned to process): 205M, peak: 205M
current process commit charge ("private bytes"): 280M, peak: 340M

vm_info: OpenJDK 64-Bit Server VM (11.0.5+10-b520.38) for windows-amd64 JRE (11.0.5+10-b520.38), built on Jan 23 2020 07:58:32 by "" with MS VC++ 14.0 (VS2015)

END.
